2022-08-28 03:44:42.036 ERROR [main] [LogTest.main(LogTest.java:50)] - This is error log
2022-08-28 03:44:42.042 TRACE [main] [LogTest.main(LogTest.java:51)] - this is trace error 
2022-08-28 03:44:42.042 DEBUG [main] [LogTest.main(LogTest.java:53)] - C://code//driver//msedgedriver.exe;
2022-08-28 03:44:42.042 INFO [main] [LogTest.loggerTest(LogTest.java:20)] - This is my first log4j's statement
2022-08-28 03:44:42.048 DEBUG [main] [LogTest.loggerTest(LogTest.java:27)] - message 
2022-08-28 03:44:42.048 DEBUG [main] [LogTest.loggerTest(LogTest.java:28)] - out this 
2022-08-28 03:44:42.048 INFO [main] [LogTest.loggerTest(LogTest.java:33)] - catch block 
2022-08-28 03:44:42.048 INFO [main] [LogTest.loggerTest(LogTest.java:37)] - This is my first log4j's statement
2022-08-28 03:45:30.674 DEBUG [main] [io.netty.util.internal.logging.InternalLoggerFactory.useLog4J2LoggerFactory(InternalLoggerFactory.java:76)] - Using Log4J2 as the default logging framework
2022-08-28 03:45:30.693 DEBUG [main] [io.netty.util.ResourceLeakDetector.<clinit>(ResourceLeakDetector.java:129)] - -Dio.netty.leakDetection.level: simple
2022-08-28 03:45:30.693 DEBUG [main] [io.netty.util.ResourceLeakDetector.<clinit>(ResourceLeakDetector.java:130)] - -Dio.netty.leakDetection.targetRecords: 4
2022-08-28 03:45:30.703 DEBUG [main] [io.netty.util.ResourceLeakDetectorFactory$DefaultResourceLeakDetectorFactory.newResourceLeakDetector(ResourceLeakDetectorFactory.java:196)] - Loaded default ResourceLeakDetector: io.netty.util.ResourceLeakDetector@1edb61b1
2022-08-28 03:45:30.755 DEBUG [main] [io.netty.util.internal.PlatformDependent0.explicitNoUnsafeCause0(PlatformDependent0.java:495)] - -Dio.netty.noUnsafe: false
2022-08-28 03:45:30.755 DEBUG [main] [io.netty.util.internal.PlatformDependent0.javaVersion0(PlatformDependent0.java:998)] - Java version: 11
2022-08-28 03:45:30.755 DEBUG [main] [io.netty.util.internal.PlatformDependent0.<clinit>(PlatformDependent0.java:136)] - sun.misc.Unsafe.theUnsafe: available
2022-08-28 03:45:30.763 DEBUG [main] [io.netty.util.internal.PlatformDependent0.<clinit>(PlatformDependent0.java:160)] - sun.misc.Unsafe.copyMemory: available
2022-08-28 03:45:30.765 DEBUG [main] [io.netty.util.internal.PlatformDependent0.<clinit>(PlatformDependent0.java:192)] - sun.misc.Unsafe.storeFence: available
2022-08-28 03:45:30.765 DEBUG [main] [io.netty.util.internal.PlatformDependent0.<clinit>(PlatformDependent0.java:235)] - java.nio.Buffer.address: available
2022-08-28 03:45:30.765 DEBUG [main] [io.netty.util.internal.PlatformDependent0.<clinit>(PlatformDependent0.java:316)] - direct buffer constructor: unavailable
java.lang.UnsupportedOperationException: Reflective setAccessible(true) disabled
	at io.netty.util.internal.ReflectionUtil.trySetAccessible(ReflectionUtil.java:31) ~[netty-common-4.1.78.Final.jar:4.1.78.Final]
	at io.netty.util.internal.PlatformDependent0$5.run(PlatformDependent0.java:287) ~[netty-common-4.1.78.Final.jar:4.1.78.Final]
	at java.security.AccessController.doPrivileged(Native Method) ~[?:?]
	at io.netty.util.internal.PlatformDependent0.<clinit>(PlatformDependent0.java:281) ~[netty-common-4.1.78.Final.jar:4.1.78.Final]
	at io.netty.util.internal.PlatformDependent.isAndroid(PlatformDependent.java:294) ~[netty-common-4.1.78.Final.jar:4.1.78.Final]
	at io.netty.util.internal.PlatformDependent.<clinit>(PlatformDependent.java:88) ~[netty-common-4.1.78.Final.jar:4.1.78.Final]
	at io.netty.util.HashedWheelTimer.<init>(HashedWheelTimer.java:114) ~[netty-common-4.1.78.Final.jar:4.1.78.Final]
	at io.netty.util.HashedWheelTimer.<init>(HashedWheelTimer.java:251) ~[netty-common-4.1.78.Final.jar:4.1.78.Final]
	at io.netty.util.HashedWheelTimer.<init>(HashedWheelTimer.java:224) ~[netty-common-4.1.78.Final.jar:4.1.78.Final]
	at io.netty.util.HashedWheelTimer.<init>(HashedWheelTimer.java:203) ~[netty-common-4.1.78.Final.jar:4.1.78.Final]
	at org.asynchttpclient.DefaultAsyncHttpClient.newNettyTimer(DefaultAsyncHttpClient.java:111) ~[async-http-client-2.12.3.jar:?]
	at org.asynchttpclient.DefaultAsyncHttpClient.<init>(DefaultAsyncHttpClient.java:90) ~[async-http-client-2.12.3.jar:?]
	at org.asynchttpclient.Dsl.asyncHttpClient(Dsl.java:32) ~[async-http-client-2.12.3.jar:?]
	at org.openqa.selenium.remote.http.netty.NettyClient.createHttpClient(NettyClient.java:93) ~[selenium-remote-driver-4.4.0.jar:?]
	at org.openqa.selenium.remote.http.netty.NettyClient.<clinit>(NettyClient.java:47) ~[selenium-remote-driver-4.4.0.jar:?]
	at org.openqa.selenium.remote.http.netty.NettyClient$Factory.createClient(NettyClient.java:134) ~[selenium-remote-driver-4.4.0.jar:?]
	at org.openqa.selenium.remote.HttpCommandExecutor.<init>(HttpCommandExecutor.java:107) ~[selenium-remote-driver-4.4.0.jar:?]
	at org.openqa.selenium.remote.HttpCommandExecutor.<init>(HttpCommandExecutor.java:94) ~[selenium-remote-driver-4.4.0.jar:?]
	at org.openqa.selenium.remote.HttpCommandExecutor.<init>(HttpCommandExecutor.java:85) ~[selenium-remote-driver-4.4.0.jar:?]
	at org.openqa.selenium.remote.service.DriverCommandExecutor.<init>(DriverCommandExecutor.java:80) ~[selenium-remote-driver-4.4.0.jar:?]
	at org.openqa.selenium.chromium.ChromiumDriverCommandExecutor.<init>(ChromiumDriverCommandExecutor.java:35) ~[selenium-chromium-driver-4.4.0.jar:?]
	at org.openqa.selenium.edge.EdgeDriver$EdgeDriverCommandExecutor.<init>(EdgeDriver.java:66) ~[selenium-edge-driver-4.4.0.jar:?]
	at org.openqa.selenium.edge.EdgeDriver.<init>(EdgeDriver.java:54) ~[selenium-edge-driver-4.4.0.jar:?]
	at org.openqa.selenium.edge.EdgeDriver.<init>(EdgeDriver.java:46) ~[selenium-edge-driver-4.4.0.jar:?]
	at org.openqa.selenium.edge.EdgeDriver.<init>(EdgeDriver.java:42) ~[selenium-edge-driver-4.4.0.jar:?]
	at TestCases.HomePageTest.driveSetUp(HomePageTest.java:51) ~[test-classes/:?]
	at jdk.internal.reflect.NativeMethodAccessorImpl.invoke0(Native Method) ~[?:?]
	at jdk.internal.reflect.NativeMethodAccessorImpl.invoke(NativeMethodAccessorImpl.java:62) ~[?:?]
	at jdk.internal.reflect.DelegatingMethodAccessorImpl.invoke(DelegatingMethodAccessorImpl.java:43) ~[?:?]
	at java.lang.reflect.Method.invoke(Method.java:566) ~[?:?]
	at org.testng.internal.invokers.MethodInvocationHelper.invokeMethod(MethodInvocationHelper.java:139) ~[testng-7.6.1.jar:7.6.1]
	at org.testng.internal.invokers.MethodInvocationHelper.invokeMethodConsideringTimeout(MethodInvocationHelper.java:69) ~[testng-7.6.1.jar:7.6.1]
	at org.testng.internal.invokers.ConfigInvoker.invokeConfigurationMethod(ConfigInvoker.java:361) ~[testng-7.6.1.jar:7.6.1]
	at org.testng.internal.invokers.ConfigInvoker.invokeConfigurations(ConfigInvoker.java:296) ~[testng-7.6.1.jar:7.6.1]
	at org.testng.internal.invokers.TestMethodWorker.invokeBeforeClassMethods(TestMethodWorker.java:180) ~[testng-7.6.1.jar:7.6.1]
	at org.testng.internal.invokers.TestMethodWorker.run(TestMethodWorker.java:122) ~[testng-7.6.1.jar:7.6.1]
	at java.util.ArrayList.forEach(ArrayList.java:1541) ~[?:?]
	at org.testng.TestRunner.privateRun(TestRunner.java:806) ~[testng-7.6.1.jar:7.6.1]
	at org.testng.TestRunner.run(TestRunner.java:601) ~[testng-7.6.1.jar:7.6.1]
	at org.testng.SuiteRunner.runTest(SuiteRunner.java:433) ~[testng-7.6.1.jar:7.6.1]
	at org.testng.SuiteRunner.runSequentially(SuiteRunner.java:427) ~[testng-7.6.1.jar:7.6.1]
	at org.testng.SuiteRunner.privateRun(SuiteRunner.java:387) ~[testng-7.6.1.jar:7.6.1]
	at org.testng.SuiteRunner.run(SuiteRunner.java:330) ~[testng-7.6.1.jar:7.6.1]
	at org.testng.SuiteRunnerWorker.runSuite(SuiteRunnerWorker.java:52) ~[testng-7.6.1.jar:7.6.1]
	at org.testng.SuiteRunnerWorker.run(SuiteRunnerWorker.java:95) ~[testng-7.6.1.jar:7.6.1]
	at org.testng.TestNG.runSuitesSequentially(TestNG.java:1256) ~[testng-7.6.1.jar:7.6.1]
	at org.testng.TestNG.runSuitesLocally(TestNG.java:1176) ~[testng-7.6.1.jar:7.6.1]
	at org.testng.TestNG.runSuites(TestNG.java:1099) ~[testng-7.6.1.jar:7.6.1]
	at org.testng.TestNG.run(TestNG.java:1067) ~[testng-7.6.1.jar:7.6.1]
	at com.intellij.rt.testng.IDEARemoteTestNG.run(IDEARemoteTestNG.java:66) ~[testng-rt.jar:?]
	at com.intellij.rt.testng.RemoteTestNGStarter.main(RemoteTestNGStarter.java:109) ~[testng-rt.jar:?]
2022-08-28 03:45:30.796 DEBUG [main] [io.netty.util.internal.PlatformDependent0.<clinit>(PlatformDependent0.java:384)] - java.nio.Bits.unaligned: available, true
2022-08-28 03:45:30.796 DEBUG [main] [io.netty.util.internal.PlatformDependent0.<clinit>(PlatformDependent0.java:448)] - jdk.internal.misc.Unsafe.allocateUninitializedArray(int): unavailable
java.lang.IllegalAccessException: class io.netty.util.internal.PlatformDependent0$7 cannot access class jdk.internal.misc.Unsafe (in module java.base) because module java.base does not export jdk.internal.misc to unnamed module @32c0915e
	at jdk.internal.reflect.Reflection.newIllegalAccessException(Reflection.java:361) ~[?:?]
	at java.lang.reflect.AccessibleObject.checkAccess(AccessibleObject.java:591) ~[?:?]
	at java.lang.reflect.Method.invoke(Method.java:558) ~[?:?]
	at io.netty.util.internal.PlatformDependent0$7.run(PlatformDependent0.java:409) ~[netty-common-4.1.78.Final.jar:4.1.78.Final]
	at java.security.AccessController.doPrivileged(Native Method) ~[?:?]
	at io.netty.util.internal.PlatformDependent0.<clinit>(PlatformDependent0.java:400) ~[netty-common-4.1.78.Final.jar:4.1.78.Final]
	at io.netty.util.internal.PlatformDependent.isAndroid(PlatformDependent.java:294) ~[netty-common-4.1.78.Final.jar:4.1.78.Final]
	at io.netty.util.internal.PlatformDependent.<clinit>(PlatformDependent.java:88) ~[netty-common-4.1.78.Final.jar:4.1.78.Final]
	at io.netty.util.HashedWheelTimer.<init>(HashedWheelTimer.java:114) ~[netty-common-4.1.78.Final.jar:4.1.78.Final]
	at io.netty.util.HashedWheelTimer.<init>(HashedWheelTimer.java:251) ~[netty-common-4.1.78.Final.jar:4.1.78.Final]
	at io.netty.util.HashedWheelTimer.<init>(HashedWheelTimer.java:224) ~[netty-common-4.1.78.Final.jar:4.1.78.Final]
	at io.netty.util.HashedWheelTimer.<init>(HashedWheelTimer.java:203) ~[netty-common-4.1.78.Final.jar:4.1.78.Final]
	at org.asynchttpclient.DefaultAsyncHttpClient.newNettyTimer(DefaultAsyncHttpClient.java:111) ~[async-http-client-2.12.3.jar:?]
	at org.asynchttpclient.DefaultAsyncHttpClient.<init>(DefaultAsyncHttpClient.java:90) ~[async-http-client-2.12.3.jar:?]
	at org.asynchttpclient.Dsl.asyncHttpClient(Dsl.java:32) ~[async-http-client-2.12.3.jar:?]
	at org.openqa.selenium.remote.http.netty.NettyClient.createHttpClient(NettyClient.java:93) ~[selenium-remote-driver-4.4.0.jar:?]
	at org.openqa.selenium.remote.http.netty.NettyClient.<clinit>(NettyClient.java:47) ~[selenium-remote-driver-4.4.0.jar:?]
	at org.openqa.selenium.remote.http.netty.NettyClient$Factory.createClient(NettyClient.java:134) ~[selenium-remote-driver-4.4.0.jar:?]
	at org.openqa.selenium.remote.HttpCommandExecutor.<init>(HttpCommandExecutor.java:107) ~[selenium-remote-driver-4.4.0.jar:?]
	at org.openqa.selenium.remote.HttpCommandExecutor.<init>(HttpCommandExecutor.java:94) ~[selenium-remote-driver-4.4.0.jar:?]
	at org.openqa.selenium.remote.HttpCommandExecutor.<init>(HttpCommandExecutor.java:85) ~[selenium-remote-driver-4.4.0.jar:?]
	at org.openqa.selenium.remote.service.DriverCommandExecutor.<init>(DriverCommandExecutor.java:80) ~[selenium-remote-driver-4.4.0.jar:?]
	at org.openqa.selenium.chromium.ChromiumDriverCommandExecutor.<init>(ChromiumDriverCommandExecutor.java:35) ~[selenium-chromium-driver-4.4.0.jar:?]
	at org.openqa.selenium.edge.EdgeDriver$EdgeDriverCommandExecutor.<init>(EdgeDriver.java:66) ~[selenium-edge-driver-4.4.0.jar:?]
	at org.openqa.selenium.edge.EdgeDriver.<init>(EdgeDriver.java:54) ~[selenium-edge-driver-4.4.0.jar:?]
	at org.openqa.selenium.edge.EdgeDriver.<init>(EdgeDriver.java:46) ~[selenium-edge-driver-4.4.0.jar:?]
	at org.openqa.selenium.edge.EdgeDriver.<init>(EdgeDriver.java:42) ~[selenium-edge-driver-4.4.0.jar:?]
	at TestCases.HomePageTest.driveSetUp(HomePageTest.java:51) ~[test-classes/:?]
	at jdk.internal.reflect.NativeMethodAccessorImpl.invoke0(Native Method) ~[?:?]
	at jdk.internal.reflect.NativeMethodAccessorImpl.invoke(NativeMethodAccessorImpl.java:62) ~[?:?]
	at jdk.internal.reflect.DelegatingMethodAccessorImpl.invoke(DelegatingMethodAccessorImpl.java:43) ~[?:?]
	at java.lang.reflect.Method.invoke(Method.java:566) ~[?:?]
	at org.testng.internal.invokers.MethodInvocationHelper.invokeMethod(MethodInvocationHelper.java:139) ~[testng-7.6.1.jar:7.6.1]
	at org.testng.internal.invokers.MethodInvocationHelper.invokeMethodConsideringTimeout(MethodInvocationHelper.java:69) ~[testng-7.6.1.jar:7.6.1]
	at org.testng.internal.invokers.ConfigInvoker.invokeConfigurationMethod(ConfigInvoker.java:361) ~[testng-7.6.1.jar:7.6.1]
	at org.testng.internal.invokers.ConfigInvoker.invokeConfigurations(ConfigInvoker.java:296) ~[testng-7.6.1.jar:7.6.1]
	at org.testng.internal.invokers.TestMethodWorker.invokeBeforeClassMethods(TestMethodWorker.java:180) ~[testng-7.6.1.jar:7.6.1]
	at org.testng.internal.invokers.TestMethodWorker.run(TestMethodWorker.java:122) ~[testng-7.6.1.jar:7.6.1]
	at java.util.ArrayList.forEach(ArrayList.java:1541) ~[?:?]
	at org.testng.TestRunner.privateRun(TestRunner.java:806) ~[testng-7.6.1.jar:7.6.1]
	at org.testng.TestRunner.run(TestRunner.java:601) ~[testng-7.6.1.jar:7.6.1]
	at org.testng.SuiteRunner.runTest(SuiteRunner.java:433) ~[testng-7.6.1.jar:7.6.1]
	at org.testng.SuiteRunner.runSequentially(SuiteRunner.java:427) ~[testng-7.6.1.jar:7.6.1]
	at org.testng.SuiteRunner.privateRun(SuiteRunner.java:387) ~[testng-7.6.1.jar:7.6.1]
	at org.testng.SuiteRunner.run(SuiteRunner.java:330) ~[testng-7.6.1.jar:7.6.1]
	at org.testng.SuiteRunnerWorker.runSuite(SuiteRunnerWorker.java:52) ~[testng-7.6.1.jar:7.6.1]
	at org.testng.SuiteRunnerWorker.run(SuiteRunnerWorker.java:95) ~[testng-7.6.1.jar:7.6.1]
	at org.testng.TestNG.runSuitesSequentially(TestNG.java:1256) ~[testng-7.6.1.jar:7.6.1]
	at org.testng.TestNG.runSuitesLocally(TestNG.java:1176) ~[testng-7.6.1.jar:7.6.1]
	at org.testng.TestNG.runSuites(TestNG.java:1099) ~[testng-7.6.1.jar:7.6.1]
	at org.testng.TestNG.run(TestNG.java:1067) ~[testng-7.6.1.jar:7.6.1]
	at com.intellij.rt.testng.IDEARemoteTestNG.run(IDEARemoteTestNG.java:66) ~[testng-rt.jar:?]
	at com.intellij.rt.testng.RemoteTestNGStarter.main(RemoteTestNGStarter.java:109) ~[testng-rt.jar:?]
2022-08-28 03:45:30.806 DEBUG [main] [io.netty.util.internal.PlatformDependent0.<clinit>(PlatformDependent0.java:481)] - java.nio.DirectByteBuffer.<init>(long, int): unavailable
2022-08-28 03:45:30.806 DEBUG [main] [io.netty.util.internal.PlatformDependent.unsafeUnavailabilityCause0(PlatformDependent.java:1120)] - sun.misc.Unsafe: available
2022-08-28 03:45:30.806 DEBUG [main] [io.netty.util.internal.PlatformDependent.estimateMaxDirectMemory(PlatformDependent.java:1231)] - maxDirectMemory: 2113929216 bytes (maybe)
2022-08-28 03:45:30.806 DEBUG [main] [io.netty.util.internal.PlatformDependent.tmpdir0(PlatformDependent.java:1250)] - -Dio.netty.tmpdir: C:\Users\nitis\AppData\Local\Temp (java.io.tmpdir)
2022-08-28 03:45:30.806 DEBUG [main] [io.netty.util.internal.PlatformDependent.bitMode0(PlatformDependent.java:1329)] - -Dio.netty.bitMode: 64 (sun.arch.data.model)
2022-08-28 03:45:30.806 DEBUG [main] [io.netty.util.internal.PlatformDependent.isWindows0(PlatformDependent.java:1080)] - Platform: Windows
2022-08-28 03:45:30.814 DEBUG [main] [io.netty.util.internal.PlatformDependent.<clinit>(PlatformDependent.java:178)] - -Dio.netty.maxDirectMemory: -1 bytes
2022-08-28 03:45:30.816 DEBUG [main] [io.netty.util.internal.PlatformDependent.<clinit>(PlatformDependent.java:185)] - -Dio.netty.uninitializedArrayAllocationThreshold: -1
2022-08-28 03:45:30.816 DEBUG [main] [io.netty.util.internal.CleanerJava9.<clinit>(CleanerJava9.java:71)] - java.nio.ByteBuffer.cleaner(): available
2022-08-28 03:45:30.816 DEBUG [main] [io.netty.util.internal.PlatformDependent.<clinit>(PlatformDependent.java:205)] - -Dio.netty.noPreferDirect: false
2022-08-28 03:45:30.836 DEBUG [main] [io.netty.util.internal.PlatformDependent$Mpsc.<clinit>(PlatformDependent.java:971)] - org.jctools-core.MpscChunkedArrayQueue: available
2022-08-28 03:45:30.885 DEBUG [main] [io.netty.util.internal.InternalThreadLocalMap.<clinit>(InternalThreadLocalMap.java:86)] - -Dio.netty.threadLocalMap.stringBuilder.initialSize: 1024
2022-08-28 03:45:30.887 DEBUG [main] [io.netty.util.internal.InternalThreadLocalMap.<clinit>(InternalThreadLocalMap.java:89)] - -Dio.netty.threadLocalMap.stringBuilder.maxSize: 4096
2022-08-28 03:45:31.167 DEBUG [main] [io.netty.handler.ssl.JdkSslContext.<clinit>(JdkSslContext.java:83)] - Default protocols (JDK): [TLSv1.3, TLSv1.2] 
2022-08-28 03:45:31.167 DEBUG [main] [io.netty.handler.ssl.JdkSslContext.<clinit>(JdkSslContext.java:84)] - Default cipher suites (JDK): [TLS_ECDHE_ECDSA_WITH_AES_256_GCM_SHA384, TLS_ECDHE_ECDSA_WITH_AES_128_GCM_SHA256, TLS_ECDHE_RSA_WITH_AES_128_GCM_SHA256, TLS_ECDHE_RSA_WITH_AES_256_GCM_SHA384, TLS_ECDHE_RSA_WITH_AES_128_CBC_SHA, TLS_ECDHE_RSA_WITH_AES_256_CBC_SHA, TLS_RSA_WITH_AES_128_GCM_SHA256, TLS_RSA_WITH_AES_128_CBC_SHA, TLS_RSA_WITH_AES_256_CBC_SHA, TLS_AES_128_GCM_SHA256, TLS_AES_256_GCM_SHA384]
2022-08-28 03:45:31.230 DEBUG [main] [io.netty.channel.MultithreadEventLoopGroup.<clinit>(MultithreadEventLoopGroup.java:44)] - -Dio.netty.eventLoopThreads: 8
2022-08-28 03:45:31.250 DEBUG [main] [io.netty.channel.nio.NioEventLoop.<clinit>(NioEventLoop.java:109)] - -Dio.netty.noKeySetOptimization: false
2022-08-28 03:45:31.250 DEBUG [main] [io.netty.channel.nio.NioEventLoop.<clinit>(NioEventLoop.java:110)] - -Dio.netty.selectorAutoRebuildThreshold: 512
2022-08-28 03:45:31.270 TRACE [main] [io.netty.channel.nio.NioEventLoop.openSelector(NioEventLoop.java:263)] - instrumented a special java.util.Set into: sun.nio.ch.WindowsSelectorImpl@1ddd3478
2022-08-28 03:45:31.270 TRACE [main] [io.netty.channel.nio.NioEventLoop.openSelector(NioEventLoop.java:263)] - instrumented a special java.util.Set into: sun.nio.ch.WindowsSelectorImpl@1c025cb
2022-08-28 03:45:31.270 TRACE [main] [io.netty.channel.nio.NioEventLoop.openSelector(NioEventLoop.java:263)] - instrumented a special java.util.Set into: sun.nio.ch.WindowsSelectorImpl@50825a02
2022-08-28 03:45:31.270 TRACE [main] [io.netty.channel.nio.NioEventLoop.openSelector(NioEventLoop.java:263)] - instrumented a special java.util.Set into: sun.nio.ch.WindowsSelectorImpl@68809cc7
2022-08-28 03:45:31.278 TRACE [main] [io.netty.channel.nio.NioEventLoop.openSelector(NioEventLoop.java:263)] - instrumented a special java.util.Set into: sun.nio.ch.WindowsSelectorImpl@703feacd
2022-08-28 03:45:31.280 TRACE [main] [io.netty.channel.nio.NioEventLoop.openSelector(NioEventLoop.java:263)] - instrumented a special java.util.Set into: sun.nio.ch.WindowsSelectorImpl@7051777c
2022-08-28 03:45:31.280 TRACE [main] [io.netty.channel.nio.NioEventLoop.openSelector(NioEventLoop.java:263)] - instrumented a special java.util.Set into: sun.nio.ch.WindowsSelectorImpl@3241713e
2022-08-28 03:45:31.280 TRACE [main] [io.netty.channel.nio.NioEventLoop.openSelector(NioEventLoop.java:263)] - instrumented a special java.util.Set into: sun.nio.ch.WindowsSelectorImpl@5ecba515
2022-08-28 03:45:31.321 DEBUG [main] [io.netty.buffer.PooledByteBufAllocator.<clinit>(PooledByteBufAllocator.java:157)] - -Dio.netty.allocator.numHeapArenas: 8
2022-08-28 03:45:31.321 DEBUG [main] [io.netty.buffer.PooledByteBufAllocator.<clinit>(PooledByteBufAllocator.java:158)] - -Dio.netty.allocator.numDirectArenas: 8
2022-08-28 03:45:31.321 DEBUG [main] [io.netty.buffer.PooledByteBufAllocator.<clinit>(PooledByteBufAllocator.java:160)] - -Dio.netty.allocator.pageSize: 8192
2022-08-28 03:45:31.321 DEBUG [main] [io.netty.buffer.PooledByteBufAllocator.<clinit>(PooledByteBufAllocator.java:165)] - -Dio.netty.allocator.maxOrder: 9
2022-08-28 03:45:31.321 DEBUG [main] [io.netty.buffer.PooledByteBufAllocator.<clinit>(PooledByteBufAllocator.java:169)] - -Dio.netty.allocator.chunkSize: 4194304
2022-08-28 03:45:31.321 DEBUG [main] [io.netty.buffer.PooledByteBufAllocator.<clinit>(PooledByteBufAllocator.java:170)] - -Dio.netty.allocator.smallCacheSize: 256
2022-08-28 03:45:31.321 DEBUG [main] [io.netty.buffer.PooledByteBufAllocator.<clinit>(PooledByteBufAllocator.java:171)] - -Dio.netty.allocator.normalCacheSize: 64
2022-08-28 03:45:31.321 DEBUG [main] [io.netty.buffer.PooledByteBufAllocator.<clinit>(PooledByteBufAllocator.java:172)] - -Dio.netty.allocator.maxCachedBufferCapacity: 32768
2022-08-28 03:45:31.321 DEBUG [main] [io.netty.buffer.PooledByteBufAllocator.<clinit>(PooledByteBufAllocator.java:173)] - -Dio.netty.allocator.cacheTrimInterval: 8192
2022-08-28 03:45:31.329 DEBUG [main] [io.netty.buffer.PooledByteBufAllocator.<clinit>(PooledByteBufAllocator.java:174)] - -Dio.netty.allocator.cacheTrimIntervalMillis: 0
2022-08-28 03:45:31.329 DEBUG [main] [io.netty.buffer.PooledByteBufAllocator.<clinit>(PooledByteBufAllocator.java:175)] - -Dio.netty.allocator.useCacheForAllThreads: false
2022-08-28 03:45:31.329 DEBUG [main] [io.netty.buffer.PooledByteBufAllocator.<clinit>(PooledByteBufAllocator.java:176)] - -Dio.netty.allocator.maxCachedByteBuffersPerChunk: 1023
2022-08-28 03:45:31.351 DEBUG [main] [io.netty.buffer.ByteBufUtil.<clinit>(ByteBufUtil.java:87)] - -Dio.netty.allocator.type: pooled
2022-08-28 03:45:31.351 DEBUG [main] [io.netty.buffer.ByteBufUtil.<clinit>(ByteBufUtil.java:96)] - -Dio.netty.threadLocalDirectBufferSize: 0
2022-08-28 03:45:31.351 DEBUG [main] [io.netty.buffer.ByteBufUtil.<clinit>(ByteBufUtil.java:99)] - -Dio.netty.maxThreadLocalCharBufferSize: 16384
2022-08-28 03:45:34.005 DEBUG [Forwarding newSession on session null to remote] [io.netty.channel.DefaultChannelId.<clinit>(DefaultChannelId.java:79)] - -Dio.netty.processId: 11940 (auto-detected)
2022-08-28 03:45:34.005 DEBUG [Forwarding newSession on session null to remote] [io.netty.util.NetUtil.<clinit>(NetUtil.java:136)] - -Djava.net.preferIPv4Stack: false
2022-08-28 03:45:34.005 DEBUG [Forwarding newSession on session null to remote] [io.netty.util.NetUtil.<clinit>(NetUtil.java:137)] - -Djava.net.preferIPv6Addresses: false
2022-08-28 03:45:34.228 DEBUG [Forwarding newSession on session null to remote] [io.netty.util.NetUtilInitializations.determineLoopback(NetUtilInitializations.java:129)] - Loopback interface: lo (Software Loopback Interface 1, 127.0.0.1)
2022-08-28 03:45:34.228 DEBUG [Forwarding newSession on session null to remote] [io.netty.util.NetUtil$SoMaxConnAction.run(NetUtil.java:191)] - Failed to get SOMAXCONN from sysctl and file \proc\sys\net\core\somaxconn. Default: 200
2022-08-28 03:45:34.449 DEBUG [Forwarding newSession on session null to remote] [io.netty.channel.DefaultChannelId.<clinit>(DefaultChannelId.java:101)] - -Dio.netty.machineId: 28:39:26:ff:fe:4b:c1:b1 (auto-detected)
2022-08-28 03:45:34.560 DEBUG [AsyncHttpClient-1-2] [io.netty.buffer.AbstractByteBuf.<clinit>(AbstractByteBuf.java:63)] - -Dio.netty.buffer.checkAccessible: true
2022-08-28 03:45:34.560 DEBUG [AsyncHttpClient-1-2] [io.netty.buffer.AbstractByteBuf.<clinit>(AbstractByteBuf.java:64)] - -Dio.netty.buffer.checkBounds: true
2022-08-28 03:45:34.560 DEBUG [AsyncHttpClient-1-2] [io.netty.util.ResourceLeakDetectorFactory$DefaultResourceLeakDetectorFactory.newResourceLeakDetector(ResourceLeakDetectorFactory.java:196)] - Loaded default ResourceLeakDetector: io.netty.util.ResourceLeakDetector@3f87711e
2022-08-28 03:45:34.606 DEBUG [AsyncHttpClient-1-2] [io.netty.util.Recycler.<clinit>(Recycler.java:85)] - -Dio.netty.recycler.maxCapacityPerThread: 4096
2022-08-28 03:45:34.606 DEBUG [AsyncHttpClient-1-2] [io.netty.util.Recycler.<clinit>(Recycler.java:86)] - -Dio.netty.recycler.ratio: 8
2022-08-28 03:45:34.606 DEBUG [AsyncHttpClient-1-2] [io.netty.util.Recycler.<clinit>(Recycler.java:87)] - -Dio.netty.recycler.chunkSize: 32
2022-08-28 03:45:34.606 DEBUG [AsyncHttpClient-1-2] [io.netty.util.Recycler.<clinit>(Recycler.java:88)] - -Dio.netty.recycler.blocking: false
2022-08-28 03:45:35.758 DEBUG [AsyncHttpClient-1-2] [io.netty.handler.codec.compression.Brotli.<clinit>(Brotli.java:38)] - brotli4j not in the classpath; Brotli support will be unavailable.
2022-08-28 03:45:36.093 DEBUG [main] [io.netty.util.internal.ThreadLocalRandom.newSeed(ThreadLocalRandom.java:214)] - -Dio.netty.initialSeedUniquifier: 0x91924ce0c1c768fd
2022-08-28 03:45:38.498 DEBUG [main] [TestCases.HomePageTest.login(HomePageTest.java:69)] - Facebook – log in or sign up
2022-08-28 03:45:38.729 DEBUG [main] [TestCases.HomePageTest.login(HomePageTest.java:72)] - Emailed entered
2022-08-28 03:45:38.903 DEBUG [main] [TestCases.HomePageTest.login(HomePageTest.java:74)] - Password entered
2022-08-28 03:45:38.977 DEBUG [main] [TestCases.HomePageTest.login(HomePageTest.java:76)] -  login button pressed
2022-08-28 03:46:09.880 ERROR [main] [TestCases.HomePageTest.login(HomePageTest.java:84)] -  Time out exception Exception throw 
2022-08-28 03:46:09.880 DEBUG [main] [TestCases.HomePageTest.login(HomePageTest.java:96)] - login successfully
2022-08-28 03:46:09.896 DEBUG [main] [TestCases.HomePageTest.login(HomePageTest.java:99)] - true
2022-08-28 03:46:10.203 DEBUG [main] [TestCases.HomePageTest.homePageVerify(HomePageTest.java:195)] - Clicked on Home Icon
